Build started 9/17/2015 6:07:28 PM.
     1>Project "C:\Users\VirtualLife\Desktop\FlashGrow\pisocket\piSocket\piSocket.vcxproj" on node 2 (Build target(s)).
     1>Build:
         "P:\Program Files (x86)\Sysprogs\VisualGDB\\VisualGDB.exe" /build "C:\Users\VirtualLife\Desktop\FlashGrow\pisocket\piSocket\piSocket.vcxproj" "/solution:C:\Users\VirtualLife\Desktop\FlashGrow\pisocket\piSocket.sln" "/config:Debug" "/platform:Win32"
         VisualGDB: using project file C:\Users\VirtualLife\Desktop\FlashGrow\pisocket\piSocket\piSocket.vcxproj
         VisualGDB: using solution file C:\Users\VirtualLife\Desktop\FlashGrow\pisocket\piSocket.sln
         VisualGDB: using configuration Debug
         VisualGDB: Attempting inline build...
         VisualGDB: Trying to detect if your Makefiles need updating... Using configuration: Debug|Win32
         VisualGDB: Found a makefile: C:\Users\VirtualLife\Desktop\FlashGrow\pisocket\piSocket\Makefile
         VisualGDB: Found 1 source file(s):
             piSocket.cpp
         VisualGDB: Found 0 excluded file(s) for current configuration:
         VisualGDB: No source changes detected. C:\Users\VirtualLife\Desktop\FlashGrow\pisocket\piSocket\Makefile needs no updating.
         VisualGDB: Sending 18 updated source files to build machine...
         VisualGDB: Executing prebuild actions
         VisualGDB: Run "make CONFIG=Debug" in directory "/tmp/VisualGDB/c/Users/VirtualLife/Desktop/FlashGrow/pisocket/piSocket" on pi@192.168.1.100 (SSH)
         g++ -ggdb -ffunction-sections -O0   -DDEBUG  -c piSocket.cpp -o Debug/piSocket.o -MD -MF Debug/piSocket.dep
         g++ -o Debug/piSocket -Wl,-gc-sections   -L/usr/local/lib -Wl,--start-group Debug/piSocket.o -lPocoFoundation -lPocoNet -lPocoUtil -lcurl -lpthread  -Wl,--rpath='$ORIGIN'   -Wl,--end-group
         =============
         cp settings.xml Debug
         cp settings.xml /opt/flashgrow/
         =============
         VisualGDB: Executing postbuild actions
     1>Done Building Project "C:\Users\VirtualLife\Desktop\FlashGrow\pisocket\piSocket\piSocket.vcxproj" (Build target(s)).

Build succeeded.

Time Elapsed 00:00:09.50
